<?xml version="1.0" encoding="utf-8"?><testsuites><testsuite errors="0" failures="0" hostname="neagu-wkst" name="pytest" skipped="0" tests="23" time="0.049" timestamp="2020-06-04T15:26:17.471442"><testcase classname="tests.unit.test_validation_data" name="test_validation_data_follows_definition[input]" time="0.004"></testcase><testcase classname="tests.unit.test_folder_structure" name="test_path_in_repo[.cookiecutterrc]" time="0.000"></testcase><testcase classname="tests.unit.test_folder_structure" name="test_path_in_repo[.dockerignore]" time="0.000"></testcase><testcase classname="tests.unit.test_folder_structure" name="test_path_in_repo[.gitignore]" time="0.000"></testcase><testcase classname="tests.unit.test_folder_structure" name="test_path_in_repo[.pylintrc]" time="0.000"></testcase><testcase classname="tests.unit.test_folder_structure" name="test_path_in_repo[metadata:metadata.yml]" time="0.000"></testcase><testcase classname="tests.unit.test_folder_structure" name="test_path_in_repo[docker/python:entrypoint.sh]" time="0.000"></testcase><testcase classname="tests.unit.test_folder_structure" name="test_path_in_repo[docker/python:Dockerfile]" time="0.000"></testcase><testcase classname="tests.unit.test_folder_structure" name="test_path_in_repo[service.cli:execute.sh]" time="0.000"></testcase><testcase classname="tests.unit.test_folder_structure" name="test_path_in_repo[tools:run_creator.py]" time="0.000"></testcase><testcase classname="tests.unit.test_folder_structure" name="test_path_in_repo[tools:update_compose_labels.py]" time="0.000"></testcase><testcase classname="tests.unit.test_folder_structure" name="test_path_in_repo[versioning:integration.cfg]" time="0.000"></testcase><testcase classname="tests.unit.test_folder_structure" name="test_path_in_repo[versioning:service.cfg]" time="0.000"></testcase><testcase classname="tests.unit.test_folder_structure" name="test_path_in_repo[requirements.in]" time="0.000"></testcase><testcase classname="tests.unit.test_folder_structure" name="test_path_in_repo[requirements.txt]" time="0.000"></testcase><testcase classname="tests.unit.test_folder_structure" name="test_path_in_repo[Makefile]" time="0.000"></testcase><testcase classname="tests.unit.test_folder_structure" name="test_path_in_repo[VERSION]" time="0.000"></testcase><testcase classname="tests.unit.test_folder_structure" name="test_path_in_repo[README.md]" time="0.000"></testcase><testcase classname="tests.unit.test_folder_structure" name="test_path_in_repo[docker-compose-build.yml]" time="0.000"></testcase><testcase classname="tests.unit.test_folder_structure" name="test_path_in_repo[docker-compose-meta.yml]" time="0.000"></testcase><testcase classname="tests.unit.test_folder_structure" name="test_path_in_repo[docker-compose.devel.yml]" time="0.000"></testcase><testcase classname="tests.unit.test_folder_structure" name="test_path_in_repo[docker-compose.yml]" time="0.000"></testcase><testcase classname="tests.unit.test_validation_data" name="test_validation_data_follows_definition[output]" time="0.005"></testcase></testsuite></testsuites>