<?xml version="1.0" encoding="utf-8"?><testsuites><testsuite errors="0" failures="0" hostname="neagu-wkst" name="pytest" skipped="0" tests="3" time="12.118" timestamp="2020-06-04T15:26:17.793919"><testcase classname="tests.integration.test_docker_container" name="test_run_container" time="7.185"></testcase><testcase classname="tests.integration.test_docker_image" name="test_docker_io_simcore_labels_against_files" time="2.422"></testcase><testcase classname="tests.integration.test_docker_image" name="test_validate_docker_io_simcore_labels" time="2.475"></testcase></testsuite></testsuites>